C51 COMPILER V9.60.0.0   8051_TLC                                                          01/02/2023 13:18:18 PAGE 1   


C51 COMPILER V9.60.0.0, COMPILATION OF MODULE 8051_TLC
OBJECT MODULE PLACED IN .\Objects\8051_TLC.obj
COMPILER INVOKED BY: C:\Keil_v5\C51\BIN\C51.EXE 8051_TLC.c OPTIMIZE(8,SPEED) BROWSE DEBUG OBJECTEXTEND PRINT(.\Listings\
                    -8051_TLC.lst) TABS(2) OBJECT(.\Objects\8051_TLC.obj)

line level    source

   1          #include<reg51.h>
   2          #define segment P1
   3          sbit yellow=P2^0;
   4          sbit green=P2^1;
   5          sbit red=P2^2;
   6          sbit sensor=P3^2;
   7          unsigned char arr[10]={0xc0,0xf9,0xa4,0xb0,0x99,0x92,0x82,0xf8,0x80,0x90};
   8          unsigned char a;
   9          void Ext_int_Init(){
  10   1        EA=1;
  11   1        EX0=1;
  12   1      }
  13          void delay(unsigned int itime){
  14   1        unsigned int i,j;
  15   1        for(i=0;i<itime;i++){
  16   2          for(j=0;j<1275;j++)
  17   2          {
  18   3          }
  19   2        }
  20   1      }
  21          void count_5(){
  22   1        for(a=5;a>0;a--)
  23   1        {
  24   2          segment=arr[a];
  25   2          delay(100);
  26   2        }
  27   1      }
  28          void count_9(){
  29   1        for(a=9;a>0;a--)
  30   1        {
  31   2          segment=arr[a];
  32   2          delay(100);
  33   2        }
  34   1      }
  35          void main(){
  36   1        while(1){
  37   2          Ext_int_Init();
  38   2          segment=0xff;
  39   2          yellow=0;
  40   2          green=1;
  41   2          red=1;
  42   2          delay(100);
  43   2          yellow=1;
  44   2          red=1;
  45   2          green=1;
  46   2          delay(100);
  47   2        }
  48   1      }
  49          void External0_ISR() interrupt 0{
  50   1        segment=arr[0];
  51   1        P2=0xff;
  52   1        delay(200);
  53   1        yellow=0;
  54   1        green=1;
C51 COMPILER V9.60.0.0   8051_TLC                                                          01/02/2023 13:18:18 PAGE 2   

  55   1        red=1;
  56   1        count_5();
  57   1        yellow=1;
  58   1        green=0;
  59   1        red=1;
  60   1        count_9();
  61   1        yellow=1; 
  62   1        green=1;
  63   1        red=0; 
  64   1        count_9();
  65   1      }
  66            
  67            
  68          


MODULE INFORMATION:   STATIC OVERLAYABLE
   CODE SIZE        =    199    ----
   CONSTANT SIZE    =   ----    ----
   XDATA SIZE       =   ----    ----
   PDATA SIZE       =   ----    ----
   DATA SIZE        =     11    ----
   IDATA SIZE       =   ----    ----
   BIT SIZE         =   ----    ----
END OF MODULE INFORMATION.


C51 COMPILATION COMPLETE.  0 WARNING(S),  0 ERROR(S)
